<?xml version="1.0" encoding="UTF-8" ?>
<testsuite tests="1" failures="0" name="com.workerscomp.savequote.SaveQuoteRequestBuilderTest" time="0.019" errors="0" skipped="0">
  <properties>
    <property name="java.runtime.name" value="Java(TM) SE Runtime Environment"/>
    <property name="sun.boot.library.path" value="C:\Program Files\Java\jdk-8u161\jre\bin"/>
    <property name="java.vm.version" value="25.161-b12"/>
    <property name="java.vm.vendor" value="Oracle Corporation"/>
    <property name="maven.multiModuleProjectDirectory" value="C:\dev\eclipse-workspace\XFAPDFtoXML\pdf-to-xml"/>
    <property name="java.vendor.url" value="http://java.oracle.com/"/>
    <property name="path.separator" value=";"/>
    <property name="guice.disable.misplaced.annotation.check" value="true"/>
    <property name="java.vm.name" value="Java HotSpot(TM) 64-Bit Server VM"/>
    <property name="file.encoding.pkg" value="sun.io"/>
    <property name="user.script" value=""/>
    <property name="user.country" value="US"/>
    <property name="sun.java.launcher" value="SUN_STANDARD"/>
    <property name="sun.os.patch.level" value="Service Pack 1"/>
    <property name="java.vm.specification.name" value="Java Virtual Machine Specification"/>
    <property name="user.dir" value="C:\dev\eclipse-workspace\XFAPDFtoXML\pdf-to-xml"/>
    <property name="java.runtime.version" value="1.8.0_161-b12"/>
    <property name="java.awt.graphicsenv" value="sun.awt.Win32GraphicsEnvironment"/>
    <property name="java.endorsed.dirs" value="C:\Program Files\Java\jdk-8u161\jre\lib\endorsed"/>
    <property name="os.arch" value="amd64"/>
    <property name="java.io.tmpdir" value="C:\Users\lutzb1\AppData\Local\Temp\"/>
    <property name="line.separator" value="
"/>
    <property name="java.vm.specification.vendor" value="Oracle Corporation"/>
    <property name="user.variant" value=""/>
    <property name="os.name" value="Windows 7"/>
    <property name="classworlds.conf" value="C:\dev\eclipse-workspace\XFAPDFtoXML\.metadata\.plugins\org.eclipse.m2e.launching\launches\m2conf7556385648199092874.tmp"/>
    <property name="sun.jnu.encoding" value="Cp1252"/>
    <property name="java.library.path" value="C:\Program Files\Java\jdk-8u161\bin;C:\WINDOWS\Sun\Java\bin;C:\WINDOWS\system32;C:\WINDOWS;C:/Program Files/Java/jdk-8u161/bin/../jre/bin/server;C:/Program Files/Java/jdk-8u161/bin/../jre/bin;C:/Program Files/Java/jdk-8u161/bin/../jre/lib/amd64;C:\Program Files\Java\jdk-8u161\bin;c:\dev\jruby-9.1.15.0\bin;C:\dev\ruby-1.9.3\bin;C:\Program Files\1E\NomadBranch\;C:\Program Files\nodejs\;C:\ProgramData\Oracle\Java\javapath;C:\PROGRA~1\Oracle\Client\12c\12.1.0.2.0x64_1\Client\bin;C:\WINDOWS\system32;C:\WINDOWS;C:\WINDOWS\System32\Wbem;C:\WINDOWS\System32\WindowsPowerShell\v1.0\;C:\WINDOWS\System32\WindowsPowerShell\v1.0\;C:\windows\ESD\Utilities;C:\Program Files (x86)\PuTTY\;C:\dev\apache-maven-3.5.0/bin;C:\dev\docker\Docker Toolbox;C:\Program Files\Git\cmd;C:\Program Files (x86)\Microsoft SQL Server\Client SDK\ODBC\130\Tools\Binn\;C:\Program Files (x86)\Microsoft SQL Server\140\Tools\Binn\;C:\Program Files (x86)\Microsoft SQL Server\140\DTS\Binn\;C:\Program Files (x86)\Microsoft SQL Server\140\Tools\Binn\ManagementStudio\;C:\Users\lutzb1\AppData\Local\GitHubDesktop\bin;C:\dev\eclipse\oxygen-1a;;."/>
    <property name="java.specification.name" value="Java Platform API Specification"/>
    <property name="java.class.version" value="52.0"/>
    <property name="sun.management.compiler" value="HotSpot 64-Bit Tiered Compilers"/>
    <property name="os.version" value="6.1"/>
    <property name="user.home" value="C:\Users\lutzb1"/>
    <property name="user.timezone" value="America/New_York"/>
    <property name="java.awt.printerjob" value="sun.awt.windows.WPrinterJob"/>
    <property name="java.specification.version" value="1.8"/>
    <property name="file.encoding" value="Cp1252"/>
    <property name="user.name" value="lutzb1"/>
    <property name="java.class.path" value="C:\dev\eclipse\oxygen-1a\plugins\org.eclipse.m2e.maven.runtime_1.8.2.20171007-0216\jars\plexus-classworlds-2.5.2.jar"/>
    <property name="java.vm.specification.version" value="1.8"/>
    <property name="sun.arch.data.model" value="64"/>
    <property name="java.home" value="C:\Program Files\Java\jdk-8u161\jre"/>
    <property name="sun.java.command" value="org.codehaus.plexus.classworlds.launcher.Launcher -B install"/>
    <property name="java.specification.vendor" value="Oracle Corporation"/>
    <property name="user.language" value="en"/>
    <property name="awt.toolkit" value="sun.awt.windows.WToolkit"/>
    <property name="java.vm.info" value="mixed mode"/>
    <property name="java.version" value="1.8.0_161"/>
    <property name="java.ext.dirs" value="C:\Program Files\Java\jdk-8u161\jre\lib\ext;C:\WINDOWS\Sun\Java\lib\ext"/>
    <property name="sun.boot.class.path" value="C:\Program Files\Java\jdk-8u161\jre\lib\resources.jar;C:\Program Files\Java\jdk-8u161\jre\lib\rt.jar;C:\Program Files\Java\jdk-8u161\jre\lib\sunrsasign.jar;C:\Program Files\Java\jdk-8u161\jre\lib\jsse.jar;C:\Program Files\Java\jdk-8u161\jre\lib\jce.jar;C:\Program Files\Java\jdk-8u161\jre\lib\charsets.jar;C:\Program Files\Java\jdk-8u161\jre\lib\jfr.jar;C:\Program Files\Java\jdk-8u161\jre\classes"/>
    <property name="java.vendor" value="Oracle Corporation"/>
    <property name="maven.home" value="C:\dev\eclipse-workspace\XFAPDFtoXML\pdf-to-xml\EMBEDDED"/>
    <property name="file.separator" value="\"/>
    <property name="java.vendor.url.bug" value="http://bugreport.sun.com/bugreport/"/>
    <property name="sun.cpu.endian" value="little"/>
    <property name="sun.io.unicode.encoding" value="UnicodeLittle"/>
    <property name="sun.desktop" value="windows"/>
    <property name="sun.cpu.isalist" value="amd64"/>
  </properties>
  <testcase classname="com.workerscomp.savequote.SaveQuoteRequestBuilderTest" name="whenBuildRequestIsGivenAnAcord130DTOItReturnsARequestDTOWithPeriodStartFilledIn" time="0.019"/>
</testsuite>